<?xml version="1.0" encoding="UTF-8"?>
<!-- Generated by org.testng.reporters.JUnitReportReporter -->
<testsuite hostname="LAPTOP-5KMFOFH9" failures="0" tests="2" name="com.SwagLabs.TestCases.OverviewPageTest" time="0.298" errors="0" timestamp="2023-10-22T20:15:07 IST" skipped="0">
  <testcase classname="com.SwagLabs.TestCases.OverviewPageTest" name="verifyOrderSummary" time="0.047"/>
  <system-out/>
  <testcase classname="com.SwagLabs.TestCases.OverviewPageTest" name="verifyCompleteOrder" time="0.251"/>
  <system-out/>
</testsuite> <!-- com.SwagLabs.TestCases.OverviewPageTest -->
