<?xml version="1.0" encoding="UTF-8"?>
<!-- Generated by org.testng.reporters.JUnitReportReporter -->
<testsuite hostname="LAPTOP-5KMFOFH9" failures="0" tests="4" name="com.SwagLabs.TestCases.AddToCartPageTest" time="8.631" errors="0" timestamp="2023-10-14T21:11:49 IST" skipped="0">
  <testcase classname="com.SwagLabs.TestCases.AddToCartPageTest" name="verifyPageLaunch" time="0.108"/>
  <system-out/>
  <testcase classname="com.SwagLabs.TestCases.AddToCartPageTest" name="verifyRemove" time="2.079"/>
  <system-out/>
  <testcase classname="com.SwagLabs.TestCases.AddToCartPageTest" name="verifyContinue" time="6.332"/>
  <system-out/>
  <testcase classname="com.SwagLabs.TestCases.AddToCartPageTest" name="verifyCheckout" time="0.112"/>
  <system-out/>
</testsuite> <!-- com.SwagLabs.TestCases.AddToCartPageTest -->
