<?xml version="1.0" encoding="UTF-8"?>
<!-- Generated by org.testng.reporters.JUnitReportReporter -->
<testsuite hostname="LAPTOP-5KMFOFH9" failures="0" tests="1" name="com.SwagLabs.TestCases.CheckoutPageTest" time="0.494" errors="0" timestamp="2023-10-14T21:21:01 IST" skipped="0">
  <testcase classname="com.SwagLabs.TestCases.CheckoutPageTest" name="verifyCheckOut" time="0.494"/>
  <system-out/>
</testsuite> <!-- com.SwagLabs.TestCases.CheckoutPageTest -->
